<?xml version="1.0" encoding="UTF-8"?>
<!-- Generated by org.testng.reporters.JUnitReportReporter -->
<testsuite hostname="DESKTOP-VAQIRG7" failures="0" tests="1" name="Packagenew.Add_Patient" time="100.653" errors="0" timestamp="2021-12-22T02:04:37 GMT-08:00" skipped="0">
  <testcase classname="Packagenew.Add_Patient" name="f" time="100.653"/>
  <system-out/>
</testsuite> <!-- Packagenew.Add_Patient -->
